


ARM Macro Assembler    Page 1 


    1 00000000                 AREA             Evaluate , CODE, READONLY
    2 00000000                 EXPORT           evaluate
    3 00000000         
    4 00000000         evaluate
    5 00000000 E2812011        ADD              r2, r1, #17
    6 00000004 E0030092        MUL              r3, r2, r0
    7 00000008 E2430019        SUB              r0, r3, #25
    8 0000000C E1A0F00E        MOV              pc, lr
    9 00000010         
   10 00000010                 END
Command Line: --debug --xref --diag_suppress=9931 --apcs=interwork --depend=.\o
bjects\lab1assembly.d -o.\objects\lab1assembly.o -IC:\Keil_v5\ARM\RV31\INC -IC:
\Keil_v5\ARM\CMSIS\Include -IC:\Keil_v5\ARM\Inc\Philips --predefine="__EVAL SET
A 1" --predefine="__UVISION_VERSION SETA 522" --list=.\listings\lab1assembly.ls
t lab1assembly.s



ARM Macro Assembler    Page 1 Alphabetic symbol ordering
Relocatable symbols

Evaluate 00000000

Symbol: Evaluate
   Definitions
      At line 1 in file lab1assembly.s
   Uses
      None
Comment: Evaluate unused
evaluate 00000000

Symbol: evaluate
   Definitions
      At line 4 in file lab1assembly.s
   Uses
      At line 2 in file lab1assembly.s
Comment: evaluate used once
2 symbols
334 symbols in table
